<?xml version="1.0" encoding="UTF-8"?>
<!-- Generated by org.testng.reporters.JUnitReportReporter -->
<testsuite hostname="TC838ZMG3" failures="0" tests="13" name="TestRunner.Pole_Run" time="1285.121" errors="0" timestamp="2024-08-13T13:43:07 IST" skipped="0">
  <testcase classname="TestRunner.Pole_Run" name="runScenario" time="95.013"/>
  <testcase classname="TestRunner.Pole_Run" name="runScenario" time="100.692"/>
  <testcase classname="TestRunner.Pole_Run" name="runScenario" time="99.210"/>
  <testcase classname="TestRunner.Pole_Run" name="runScenario" time="107.232"/>
  <testcase classname="TestRunner.Pole_Run" name="runScenario" time="98.047"/>
  <testcase classname="TestRunner.Pole_Run" name="runScenario" time="96.475"/>
  <testcase classname="TestRunner.Pole_Run" name="runScenario" time="103.614"/>
  <testcase classname="TestRunner.Pole_Run" name="runScenario" time="102.518"/>
  <testcase classname="TestRunner.Pole_Run" name="runScenario" time="87.081"/>
  <testcase classname="TestRunner.Pole_Run" name="runScenario" time="104.728"/>
  <testcase classname="TestRunner.Pole_Run" name="runScenario" time="99.461"/>
  <testcase classname="TestRunner.Pole_Run" name="runScenario" time="94.176"/>
  <testcase classname="TestRunner.Pole_Run" name="runScenario" time="96.874"/>
</testsuite> <!-- TestRunner.Pole_Run -->
